[19jul.2026 23:40:37.698] [main/INFO] [cpw.mods.modlauncher.Launcher/MODLAUNCHER]: ModLauncher running: args [--launchTarget, forgeclientdev, --version, 21.1.235, --assetIndex, 17, --assetsDir, C:\\Users\\Vinicius\\.gradle\\caches\\neoformruntime\\assets, --gameDir, ., --fml.fmlVersion, 4.0.42, --fml.mcVersion, 1.21.1, --fml.neoForgeVersion, 21.1.235, --fml.neoFormVersion, 20240808.144430]
[19jul.2026 23:40:37.702] [main/INFO] [cpw.mods.modlauncher.Launcher/MODLAUNCHER]: JVM identified as Oracle Corporation Java HotSpot(TM) 64-Bit Server VM 21.0.10+8-LTS-217
[19jul.2026 23:40:37.703] [main/INFO] [cpw.mods.modlauncher.Launcher/MODLAUNCHER]: ModLauncher 11.0.5+main.901c6ea8 starting: java version 21.0.10 by Oracle Corporation; OS Windows 11 arch amd64 version 10.0
[19jul.2026 23:40:37.852] [main/INFO] [net.neoforged.fml.loading.ImmediateWindowHandler/]: Loading ImmediateWindowProvider fmlearlywindow
[19jul.2026 23:40:37.987] [main/INFO] [EARLYDISPLAY/]: Trying GL version 4.6
[19jul.2026 23:40:38.106] [main/INFO] [EARLYDISPLAY/]: Requested GL version 4.6 got version 4.6
[19jul.2026 23:40:38.227] [main/INFO] [mixin/]: SpongePowered MIXIN Subsystem Version=0.8.7 Source=union:/C:/Users/Vinicius/.gradle/caches/modules-2/files-2.1/net.fabricmc/sponge-mixin/0.15.2+mixin.0.8.7/2af2f021d8e02a0220dc27a7a72b4666d66d44ca/sponge-mixin-0.15.2+mixin.0.8.7.jar%23138!/ Service=ModLauncher Env=CLIENT
[19jul.2026 23:40:38.466] [pool-2-thread-1/INFO] [EARLYDISPLAY/]: GL info: AMD Radeon(TM) Graphics GL version 4.6.0 Core Profile Context 26.5.2.260413, ATI Technologies Inc.
[19jul.2026 23:40:39.771] [main/INFO] [net.neoforged.fml.loading.moddiscovery.locators.JarInJarDependencyLocator/]: Found 45 dependencies adding them to mods collection
[19jul.2026 23:40:39.788] [main/INFO] [net.neoforged.fml.loading.moddiscovery.ModDiscoverer/]: 
     Mod List:
		Name Version (Mod Id)

		Common Networking 1.0.21-1.21.1 (commonnetworking)
		Elemental More Bendings 1.0.0 (elementalmorebendings)
		Elementals 5.0.0 (elementals)
		Elementals Subbending 1.4+1.21.1 (elementalssubbending)
		Forgified Fabric API 0.116.7+2.2.4+1.21.1 (fabric_api)
		Forgified Fabric API Base 0.4.42+d1308ded19 (fabric_api_base)
		Forgified Fabric API Lookup API (v1) 1.6.71+c290471319 (fabric_api_lookup_api_v1)
		Forgified Fabric Biome API (v1) 13.0.31+1e62d33c19 (fabric_biome_api_v1)
		Forgified Fabric Block API (v1) 1.1.0+b0c22bb819 (fabric_block_api_v1)
		Forgified Fabric BlockRenderLayer Registration (v1) 1.1.52+c290471319 (fabric_blockrenderlayer_v1)
		Forgified Fabric BlockView API (v2) 1.0.11+e9036fd419 (fabric_block_view_api_v2)
		Forgified Fabric Client Tags 1.1.15+e053909619 (fabric_client_tags_api_v1)
		Forgified Fabric Command API (v2) 2.2.28+36d727be19 (fabric_command_api_v2)
		Forgified Fabric Content Registries (v0) 8.0.19+5e0d320019 (fabric_content_registries_v0)
		Forgified Fabric Convention Tags 2.1.5+7f945d5b19 (fabric_convention_tags_v1)
		Forgified Fabric Convention Tags (v2) 2.11.1+87e5848019 (fabric_convention_tags_v2)
		Forgified Fabric Data Attachment API (v1) 1.4.5+26d408aa19 (fabric_data_attachment_api_v1)
		Forgified Fabric Data Generation API (v1) 20.2.34+a4c3605619 (fabric_data_generation_api_v1)
		Forgified Fabric Entity Events (v1) 1.8.0+5ede667619 (fabric_entity_events_v1)
		Forgified Fabric Events Interaction (v0) 0.7.13+86e0887119 (fabric_events_interaction_v0)
		Forgified Fabric Game Rule API (v1) 1.0.53+36d727be19 (fabric_game_rule_api_v1)
		Forgified Fabric Game Test API (v1) 2.0.5+29f188ce19 (fabric_gametest_api_v1)
		Forgified Fabric Item API (v1) 11.2.0+0c57911319 (fabric_item_api_v1)
		Forgified Fabric Item Group API (v1) 4.1.7+e324903319 (fabric_item_group_api_v1)
		Forgified Fabric Key Binding API (v1) 1.0.47+62cc7ce119 (fabric_key_binding_api_v1)
		Forgified Fabric Lifecycle Events (v1) 2.6.0+e40d8add19 (fabric_lifecycle_events_v1)
		Forgified Fabric Loot API (v2) 3.0.15+a3ee712d19 (fabric_loot_api_v2)
		Forgified Fabric Loot API (v3) 1.0.3+333dfad919 (fabric_loot_api_v3)
		Forgified Fabric Message API (v1) 6.0.14+6a754fce19 (fabric_message_api_v1)
		Forgified Fabric Model Loading API (v1) 2.1.0+6e8f52c719 (fabric_model_loading_api_v1)
		Forgified Fabric Networking API (v1) 4.3.0+30a980d919 (fabric_networking_api_v1)
		Forgified Fabric Object Builder API (v1) 15.2.1+cc242efd19 (fabric_object_builder_api_v1)
		Forgified Fabric Particles (v1) 4.0.2+824f924c19 (fabric_particles_v1)
		Forgified Fabric Recipe API (v1) 5.0.15+59440bcc19 (fabric_recipe_api_v1)
		Forgified Fabric Registry Sync (v0) 5.3.1+f9aace1619 (fabric_registry_sync_v0)
		Forgified Fabric Renderer - Indigo 1.7.1+9125b6dc19 (fabric_renderer_indigo)
		Forgified Fabric Renderer API (v1) 3.4.1+9125b6dc19 (fabric_renderer_api_v1)
		Forgified Fabric Rendering (v1) 5.1.0+1a09bd5a19 (fabric_rendering_v1)
		Forgified Fabric Rendering Data Attachment (v1) 0.3.49+73761d2e19 (fabric_rendering_data_attachment_v1)
		Forgified Fabric Rendering Fluids (v1) 3.1.6+a51883b219 (fabric_rendering_fluids_v1)
		Forgified Fabric Resource Conditions API (v1) 4.3.0+5bdd099819 (fabric_resource_conditions_api_v1)
		Forgified Fabric Resource Loader (v0) 1.3.1+4ea8954419 (fabric_resource_loader_v0)
		Forgified Fabric Screen API (v1) 2.0.25+0ae1214819 (fabric_screen_api_v1)
		Forgified Fabric Screen Handler API (v1) 1.3.90+8dbc56dd19 (fabric_screen_handler_api_v1)
		Forgified Fabric Sound API (v1) 1.0.23+10b84f8419 (fabric_sound_api_v1)
		Forgified Fabric Transfer API (v1) 5.4.3+a25cb45619 (fabric_transfer_api_v1)
		Forgified Fabric Transitive Access Wideners (v1) 6.2.0+6c854b6f19 (fabric_transitive_access_wideners_v1)
		GeckoLib 4 4.8.4 (geckolib)
		Lodestone 1.8.2 (lodestone)
		Minecraft 1.21.1 (minecraft)
		NeoForge 21.1.235 (neoforge)
[19jul.2026 23:40:42.089] [main/INFO] [mixin/]: Compatibility level set to JAVA_17
[19jul.2026 23:40:42.100] [main/INFO] [mixin/]: Compatibility level set to JAVA_21
[19jul.2026 23:40:42.284] [main/INFO] [net.fabricmc.loader.impl.bootstrap.FabricLoaderBootstrap/]: Propagating FML mod list to Fabric Loader
[19jul.2026 23:40:42.326] [main/INFO] [cpw.mods.modlauncher.LaunchServiceHandler/MODLAUNCHER]: Launching target 'forgeclientdev' with arguments [--version, 21.1.235, --gameDir, ., --assetsDir, C:\Users\Vinicius\.gradle\caches\neoformruntime\assets, --assetIndex, 17]
[19jul.2026 23:40:42.504] [main/WARN] [mixin/]: Reference map 'geckolib.refmap.json' for geckolib.mixins.json could not be read. If this is a development environment you can ignore this message
[19jul.2026 23:40:42.556] [main/WARN] [mixin/]: Reference map 'lodestone.refmap.json' for lodestone.mixins.json could not be read. If this is a development environment you can ignore this message
[19jul.2026 23:40:42.557] [main/WARN] [mixin/]: Reference map 'elementals.refmap.json' for elementals.mixins.json could not be read. If this is a development environment you can ignore this message
[19jul.2026 23:40:44.058] [main/INFO] [MixinExtras|Service/]: Initializing MixinExtras via com.llamalad7.mixinextras.service.MixinExtrasServiceImpl(version=0.5.3).
[19jul.2026 23:40:46.611] [Datafixer Bootstrap/INFO] [com.mojang.datafixers.DataFixerBuilder/]: 229 Datafixer optimizations took 434 milliseconds
[19jul.2026 23:40:53.894] [main/WARN] [net.minecraft.commands.Commands/]: Ambiguity between arguments [teleport, location] and [teleport, destination] with inputs: [0.1 -0.5 .9, 0 0 0]
[19jul.2026 23:40:53.894] [main/WARN] [net.minecraft.commands.Commands/]: Ambiguity between arguments [teleport, location] and [teleport, targets] with inputs: [0.1 -0.5 .9, 0 0 0]
[19jul.2026 23:40:53.898] [main/WARN] [net.minecraft.commands.Commands/]: Ambiguity between arguments [teleport, destination] and [teleport, targets] with inputs: [Player, 0123, @e, dd12be42-52a9-4a91-a8a1-11c01849e498]
[19jul.2026 23:40:53.899] [main/WARN] [net.minecraft.commands.Commands/]: Ambiguity between arguments [teleport, targets] and [teleport, destination] with inputs: [Player, 0123, dd12be42-52a9-4a91-a8a1-11c01849e498]
[19jul.2026 23:40:53.901] [main/WARN] [net.minecraft.commands.Commands/]: Ambiguity between arguments [teleport, targets, location] and [teleport, targets, destination] with inputs: [0.1 -0.5 .9, 0 0 0]
[19jul.2026 23:40:54.102] [Render thread/WARN] [net.minecraft.server.packs.VanillaPackResourcesBuilder/]: Assets URL 'union:/C:/Users/Vinicius/Desktop/ObsidianWakeAddon/build/moddev/artifacts/neoforge-21.1.235.jar%23189!/assets/.mcassetsroot' uses unexpected schema
[19jul.2026 23:40:54.103] [Render thread/WARN] [net.minecraft.server.packs.VanillaPackResourcesBuilder/]: Assets URL 'union:/C:/Users/Vinicius/Desktop/ObsidianWakeAddon/build/moddev/artifacts/neoforge-21.1.235.jar%23189!/data/.mcassetsroot' uses unexpected schema
[19jul.2026 23:40:54.172] [Render thread/INFO] [com.mojang.authlib.yggdrasil.YggdrasilAuthenticationService/]: Environment: Environment[sessionHost=https://sessionserver.mojang.com, servicesHost=https://api.minecraftservices.com, name=PROD]
[19jul.2026 23:40:54.188] [Render thread/INFO] [net.minecraft.client.Minecraft/]: Setting user: Dev
[19jul.2026 23:40:54.511] [Render thread/INFO] [net.minecraft.client.Minecraft/]: Backend library: LWJGL version 3.3.3+5
[19jul.2026 23:40:54.908] [modloading-worker-0/INFO] [net.fabricmc.fabric.impl.client.indigo.Indigo/]: [Indigo] Registering Indigo renderer!
[19jul.2026 23:40:54.938] [modloading-worker-0/INFO] [elementals/]: Initialising the cool stuff...
[19jul.2026 23:40:54.990] [modloading-worker-0/INFO] [net.neoforged.neoforge.common.NeoForgeMod/NEOFORGE-MOD]: NeoForge mod loading, version 21.1.235, for MC 1.21.1
[19jul.2026 23:40:55.526] [modloading-worker-0/INFO] [elementalssubbending/]: Elementals Subbending loaded.
[19jul.2026 23:40:56.398] [Render thread/INFO] [net.neoforged.neoforge.gametest.GameTestHooks/]: Enabled Gametest Namespaces: [elementalmorebendings]
[19jul.2026 23:40:56.668] [Render thread/INFO] [net.minecraft.server.packs.resources.ReloadableResourceManager/]: Reloading ResourceManager: vanilla, fabric, mod_resources, mod/fabric_transfer_api_v1, mod/fabric_renderer_api_v1, mod/geckolib, mod/fabric_item_api_v1, mod/fabric_model_loading_api_v1, mod/fabric_rendering_fluids_v1, mod/commonnetworking, mod/fabric_screen_handler_api_v1, mod/fabric_resource_loader_v0, mod/fabric_rendering_v1, mod/fabric_renderer_indigo, mod/fabric_convention_tags_v1, mod/neoforge, mod/fabric_block_view_api_v2, mod/fabric_convention_tags_v2, mod/fabric_command_api_v2, mod/fabric_data_attachment_api_v1, mod/fabric_screen_api_v1, mod/fabric_particles_v1, mod/fabric_api,forgified_fabric_api, mod/fabric_content_registries_v0, mod/fabric_transitive_access_wideners_v1, mod/fabric_game_rule_api_v1, mod/fabric_api_base, mod/fabric_api_lookup_api_v1, mod/fabric_blockrenderlayer_v1, mod/fabric_block_api_v1, mod/fabric_resource_conditions_api_v1, mod/fabric_item_group_api_v1, mod/fabric_gametest_api_v1, mod/fabric_biome_api_v1, mod/fabric_entity_events_v1, mod/fabric_registry_sync_v0, mod/fabric_recipe_api_v1, mod/fabric_loot_api_v2, mod/fabric_object_builder_api_v1, mod/fabric_loot_api_v3, mod/fabric_rendering_data_attachment_v1, mod/fabric_networking_api_v1, mod/fabric_sound_api_v1, mod/lodestone, mod/fabric_message_api_v1, mod/elementals, mod/elementalssubbending, mod/elementalmorebendings, mod/fabric_lifecycle_events_v1, mod/fabric_data_generation_api_v1, mod/fabric_events_interaction_v0, mod/fabric_key_binding_api_v1, mod/fabric_client_tags_api_v1
[19jul.2026 23:40:56.967] [Worker-Main-13/INFO] [net.minecraft.client.gui.font.providers.UnihexProvider/]: Found unifont_all_no_pua-15.1.05.hex, loading
[19jul.2026 23:40:57.022] [Worker-Main-10/INFO] [net.minecraft.client.gui.font.providers.UnihexProvider/]: Found unifont_jp_patch-15.1.05.hex, loading
[19jul.2026 23:40:57.778] [Worker-Main-8/WARN] [net.minecraft.client.resources.model.ModelBakery/]: Unable to load model: 'elementals:item/moon_planks' referenced from: elementals:item/moon_planks: java.io.FileNotFoundException: elementals:models/item/moon_planks.json
[19jul.2026 23:40:57.779] [Worker-Main-8/WARN] [net.minecraft.client.resources.model.ModelBakery/]: Unable to load model: 'elementals:item/moon_stripped_log' referenced from: elementals:item/moon_stripped_log: java.io.FileNotFoundException: elementals:models/item/moon_stripped_log.json
[19jul.2026 23:40:57.783] [Worker-Main-8/WARN] [net.minecraft.client.resources.model.ModelBakery/]: Unable to load model: 'elementals:item/moon_peach_leaves' referenced from: elementals:item/moon_peach_leaves: java.io.FileNotFoundException: elementals:models/item/moon_peach_leaves.json
[19jul.2026 23:40:57.785] [Worker-Main-8/WARN] [net.minecraft.client.resources.model.ModelBakery/]: Unable to load model: 'elementals:item/moon_log' referenced from: elementals:item/moon_log: java.io.FileNotFoundException: elementals:models/item/moon_log.json
[19jul.2026 23:40:58.650] [Worker-Main-8/WARN] [net.minecraft.client.resources.model.ModelManager/]: Missing textures in model elementals:glider#inventory:
    minecraft:textures/atlas/blocks.png:elementals:item/texture
[19jul.2026 23:40:58.744] [Worker-Main-1/INFO] [com.example.elementalmorebendings.ElementalMoreBendingsMod/]: [ElementalMoreBendings] 5 novas habilidades adicionadas à árvore de Lava (obsidianForm=Ability5, eruption=Ability6, lavaSurf=Ability7, moltenGrip=Ability8, obsidianPillar=Ability9). Configure essas teclas em Opções > Controles, se ainda não tiverem uma tecla atribuída.
[19jul.2026 23:40:58.750] [Worker-Main-1/INFO] [com.example.elementalmorebendings.ElementalMoreBendingsMod/]: [ElementalMoreBendings] 3 novas habilidades adicionadas à árvore de Plant (vineArc=Ability4, thornBarrage=Ability5, overgrowthSpikes=Ability6). Configure essas teclas em Opções > Controles, se ainda não tiverem uma tecla atribuída.
[19jul.2026 23:40:58.910] [Render thread/WARN] [net.minecraft.client.sounds.SoundEngine/]: Missing sound for event: minecraft:item.goat_horn.play
[19jul.2026 23:40:58.910] [Render thread/WARN] [net.minecraft.client.sounds.SoundEngine/]: Missing sound for event: minecraft:entity.goat.screaming.horn_break
[19jul.2026 23:40:58.981] [Render thread/INFO] [com.mojang.blaze3d.audio.Library/]: OpenAL initialized on device OpenAL Soft on Alto-falantes (High Definition Audio Device)
[19jul.2026 23:40:58.981] [Render thread/INFO] [net.minecraft.client.sounds.SoundEngine/SOUNDS]: Sound engine started
[19jul.2026 23:40:59.119] [Render thread/INFO] [net.minecraft.client.renderer.texture.TextureAtlas/]: Created: 1024x512x4 minecraft:textures/atlas/blocks.png-atlas
[19jul.2026 23:40:59.130] [Render thread/INFO] [net.minecraft.client.renderer.texture.TextureAtlas/]: Created: 256x256x4 minecraft:textures/atlas/signs.png-atlas
[19jul.2026 23:40:59.131] [Render thread/INFO] [net.minecraft.client.renderer.texture.TextureAtlas/]: Created: 512x512x4 minecraft:textures/atlas/shield_patterns.png-atlas
[19jul.2026 23:40:59.131] [Render thread/INFO] [net.minecraft.client.renderer.texture.TextureAtlas/]: Created: 512x512x4 minecraft:textures/atlas/banner_patterns.png-atlas
[19jul.2026 23:40:59.135] [Render thread/INFO] [net.minecraft.client.renderer.texture.TextureAtlas/]: Created: 1024x1024x4 minecraft:textures/atlas/armor_trims.png-atlas
[19jul.2026 23:40:59.144] [Render thread/INFO] [net.minecraft.client.renderer.texture.TextureAtlas/]: Created: 256x256x4 minecraft:textures/atlas/chest.png-atlas
[19jul.2026 23:40:59.145] [Render thread/INFO] [net.minecraft.client.renderer.texture.TextureAtlas/]: Created: 128x64x4 minecraft:textures/atlas/decorated_pot.png-atlas
[19jul.2026 23:40:59.145] [Render thread/INFO] [net.minecraft.client.renderer.texture.TextureAtlas/]: Created: 512x256x4 minecraft:textures/atlas/beds.png-atlas
[19jul.2026 23:40:59.145] [Render thread/INFO] [net.minecraft.client.renderer.texture.TextureAtlas/]: Created: 512x256x4 minecraft:textures/atlas/shulker_boxes.png-atlas
[19jul.2026 23:40:59.240] [Render thread/INFO] [net.minecraft.client.renderer.texture.TextureAtlas/]: Created: 512x256x0 minecraft:textures/atlas/particles.png-atlas
[19jul.2026 23:40:59.240] [Render thread/INFO] [net.minecraft.client.renderer.texture.TextureAtlas/]: Created: 512x512x0 minecraft:textures/atlas/paintings.png-atlas
[19jul.2026 23:40:59.242] [Render thread/INFO] [net.minecraft.client.renderer.texture.TextureAtlas/]: Created: 256x256x0 minecraft:textures/atlas/mob_effects.png-atlas
[19jul.2026 23:40:59.243] [Render thread/INFO] [net.minecraft.client.renderer.texture.TextureAtlas/]: Created: 64x64x0 minecraft:textures/atlas/map_decorations.png-atlas
[19jul.2026 23:40:59.243] [Render thread/INFO] [net.minecraft.client.renderer.texture.TextureAtlas/]: Created: 1024x512x0 minecraft:textures/atlas/gui.png-atlas
[19jul.2026 23:40:59.278] [Render thread/WARN] [net.minecraft.client.renderer.ShaderInstance/]: Shader rendertype_entity_translucent_emissive could not find sampler named Sampler2 in the specified shader program.
[19jul.2026 23:40:59.344] [Render thread/INFO] [team.lodestar.lodestone.LodestoneLib/]: Registering shaders for mod: lodestone
[19jul.2026 23:40:59.402] [Render thread/INFO] [team.lodestar.lodestone.LodestoneLib/]: Loaded geometry program: lodestone:nineslice/nine_slice
[19jul.2026 23:40:59.407] [Render thread/INFO] [team.lodestar.lodestone.LodestoneLib/]: Loaded geometry program: lodestone:nineslice/distorted/distorted_nine_slice_texture
[19jul.2026 23:40:59.462] [Render thread/INFO] [net.neoforged.neoforge.client.entity.animation.json.AnimationLoader/]: Loaded 0 entity animations
[19jul.2026 23:41:04.496] [Render thread/WARN] [net.neoforged.neoforge.common.CommonHooks/WP]: The following mods have version differences that were not resolved:
obsidianwake (version 1.0.0 -> MISSING)
Things may not work well.
[19jul.2026 23:41:05.636] [Render thread/INFO] [net.minecraft.world.item.crafting.RecipeManager/]: Loaded 1294 recipes
[19jul.2026 23:41:05.872] [Render thread/INFO] [net.minecraft.advancements.AdvancementTree/]: Loaded 1413 advancements
[19jul.2026 23:41:06.291] [Server thread/INFO] [net.minecraft.client.server.IntegratedServer/]: Starting integrated minecraft server version 1.21.1
[19jul.2026 23:41:06.291] [Server thread/INFO] [net.minecraft.server.MinecraftServer/]: Generating keypair
[19jul.2026 23:41:07.065] [Server thread/INFO] [net.minecraft.server.MinecraftServer/]: Preparing start region for dimension minecraft:overworld
[19jul.2026 23:41:07.402] [progressListener/INFO] [net.minecraft.server.level.progress.LoggerChunkProgressListener/]: Preparing spawn area: 0%
[19jul.2026 23:41:07.579] [progressListener/INFO] [net.minecraft.server.level.progress.LoggerChunkProgressListener/]: Time elapsed: 511 ms
[19jul.2026 23:41:07.582] [Server thread/INFO] [net.neoforged.neoforge.server.permission.PermissionAPI/]: Successfully initialized permission handler neoforge:default_handler
[19jul.2026 23:41:07.585] [Server thread/WARN] [net.neoforged.neoforge.common.TagConventionLogWarning/]: 
   Dev warning - Legacy Tags detected. Please migrate your 'forge' namespace tags to the 'c' namespace! See net.neoforged.neoforge.common.Tags.java for all tags.
   NOTE: Many tags have been moved around or renamed. Some new ones were added so please review the new tags.
    And make sure you follow tag conventions for new tags! The convention is `c` with nouns generally being plural and adjectives being singular.
   You can disable this message in NeoForge's common config by setting `logLegacyTagWarnings` to "SILENCED" or see individual tags with "DEV_VERBOSE".

[19jul.2026 23:41:07.588] [Server thread/WARN] [net.fabricmc.fabric.impl.tag.convention.v2.TranslationConventionLogWarnings/]: 
	Dev warning - Untranslated Item Tags detected. Please translate your item tags so other mods such as recipe viewers can properly display your tag's name.
	The format desired is tag.item.<namespace>.<path> for the translation key with slashes in path turned into periods.
	To disable this message, set this system property in your runs: `-Dfabric-tag-conventions-v2.missingTagTranslationWarning=SILENCED`.
	To see individual untranslated item tags found, set the system property to `-Dfabric-tag-conventions-v2.missingTagTranslationWarning=VERBOSE`.
	Default is `SHORT`.

[19jul.2026 23:41:07.696] [Server thread/INFO] [net.minecraft.client.server.IntegratedServer/]: Changing view distance to 12, from 10
[19jul.2026 23:41:07.696] [Server thread/INFO] [net.minecraft.client.server.IntegratedServer/]: Changing simulation distance to 12, from 0
[19jul.2026 23:41:08.755] [Server thread/INFO] [net.minecraft.server.players.PlayerList/]: Dev[local:E:670310aa] logged in with entity id 24 at (-123.02005352801072, 64.0, -107.44623911755423)
[19jul.2026 23:41:08.867] [Server thread/INFO] [net.minecraft.server.MinecraftServer/]: Dev joined the game
[19jul.2026 23:41:09.098] [Render thread/INFO] [net.minecraft.advancements.AdvancementTree/]: Loaded 74 advancements
[19jul.2026 23:41:22.616] [Server thread/INFO] [net.minecraft.server.MinecraftServer/]: [Dev: Set the time to 1000]
[19jul.2026 23:41:22.630] [Render thread/INFO] [net.minecraft.client.gui.components.ChatComponent/]: [System] [CHAT] Set the time to 1000
[19jul.2026 23:41:38.290] [Render thread/INFO] [net.minecraft.client.gui.components.ChatComponent/]: [System] [CHAT] Granted Plant bending.
[19jul.2026 23:41:41.591] [Server thread/INFO] [net.minecraft.client.server.IntegratedServer/]: Saving and pausing game...
[19jul.2026 23:41:41.785] [Server thread/INFO] [net.minecraft.server.MinecraftServer/]: Saving chunks for level 'ServerLevel[Test Addon]'/minecraft:overworld
[19jul.2026 23:41:41.832] [Server thread/INFO] [net.minecraft.server.MinecraftServer/]: Saving chunks for level 'ServerLevel[Test Addon]'/minecraft:the_nether
[19jul.2026 23:41:41.832] [Server thread/INFO] [net.minecraft.server.MinecraftServer/]: Saving chunks for level 'ServerLevel[Test Addon]'/minecraft:the_end
[19jul.2026 23:42:18.442] [Server thread/INFO] [net.minecraft.client.server.IntegratedServer/]: Saving and pausing game...
[19jul.2026 23:42:18.457] [Server thread/INFO] [net.minecraft.server.MinecraftServer/]: Saving chunks for level 'ServerLevel[Test Addon]'/minecraft:overworld
[19jul.2026 23:42:18.483] [Server thread/INFO] [net.minecraft.server.MinecraftServer/]: Saving chunks for level 'ServerLevel[Test Addon]'/minecraft:the_nether
[19jul.2026 23:42:18.483] [Server thread/INFO] [net.minecraft.server.MinecraftServer/]: Saving chunks for level 'ServerLevel[Test Addon]'/minecraft:the_end
[19jul.2026 23:42:29.691] [Server thread/INFO] [net.minecraft.client.server.IntegratedServer/]: Saving and pausing game...
[19jul.2026 23:42:29.714] [Server thread/INFO] [net.minecraft.server.MinecraftServer/]: Saving chunks for level 'ServerLevel[Test Addon]'/minecraft:overworld
[19jul.2026 23:42:29.740] [Server thread/INFO] [net.minecraft.server.MinecraftServer/]: Saving chunks for level 'ServerLevel[Test Addon]'/minecraft:the_nether
[19jul.2026 23:42:29.740] [Server thread/INFO] [net.minecraft.server.MinecraftServer/]: Saving chunks for level 'ServerLevel[Test Addon]'/minecraft:the_end
[19jul.2026 23:43:05.872] [Render thread/INFO] [net.minecraft.advancements.AdvancementTree/]: Loaded 74 advancements
[19jul.2026 23:43:11.000] [Render thread/WARN] [net.minecraft.client.sounds.SoundEngine/SOUNDS]: Unable to play empty soundEvent: minecraft:entity.salmon.ambient
[19jul.2026 23:43:19.092] [Server thread/INFO] [net.minecraft.client.server.IntegratedServer/]: Saving and pausing game...
[19jul.2026 23:43:19.101] [Server thread/INFO] [net.minecraft.server.MinecraftServer/]: Saving chunks for level 'ServerLevel[Test Addon]'/minecraft:overworld
[19jul.2026 23:43:19.122] [Server thread/INFO] [net.minecraft.server.MinecraftServer/]: Saving chunks for level 'ServerLevel[Test Addon]'/minecraft:the_nether
[19jul.2026 23:43:19.122] [Server thread/INFO] [net.minecraft.server.MinecraftServer/]: Saving chunks for level 'ServerLevel[Test Addon]'/minecraft:the_end
[19jul.2026 23:43:45.791] [Server thread/INFO] [net.minecraft.client.server.IntegratedServer/]: Saving and pausing game...
[19jul.2026 23:43:45.800] [Server thread/INFO] [net.minecraft.server.MinecraftServer/]: Saving chunks for level 'ServerLevel[Test Addon]'/minecraft:overworld
[19jul.2026 23:43:45.823] [Server thread/INFO] [net.minecraft.server.MinecraftServer/]: Saving chunks for level 'ServerLevel[Test Addon]'/minecraft:the_nether
[19jul.2026 23:43:45.823] [Server thread/INFO] [net.minecraft.server.MinecraftServer/]: Saving chunks for level 'ServerLevel[Test Addon]'/minecraft:the_end
[19jul.2026 23:44:01.292] [Server thread/INFO] [net.minecraft.client.server.IntegratedServer/]: Saving and pausing game...
[19jul.2026 23:44:01.301] [Server thread/INFO] [net.minecraft.server.MinecraftServer/]: Saving chunks for level 'ServerLevel[Test Addon]'/minecraft:overworld
[19jul.2026 23:44:01.324] [Server thread/INFO] [net.minecraft.server.MinecraftServer/]: Saving chunks for level 'ServerLevel[Test Addon]'/minecraft:the_nether
[19jul.2026 23:44:01.324] [Server thread/INFO] [net.minecraft.server.MinecraftServer/]: Saving chunks for level 'ServerLevel[Test Addon]'/minecraft:the_end
[19jul.2026 23:46:37.342] [Server thread/INFO] [net.minecraft.client.server.IntegratedServer/]: Saving and pausing game...
[19jul.2026 23:46:37.356] [Server thread/INFO] [net.minecraft.server.MinecraftServer/]: Saving chunks for level 'ServerLevel[Test Addon]'/minecraft:overworld
[19jul.2026 23:46:37.384] [Server thread/INFO] [net.minecraft.server.MinecraftServer/]: Saving chunks for level 'ServerLevel[Test Addon]'/minecraft:the_nether
[19jul.2026 23:46:37.386] [Server thread/INFO] [net.minecraft.server.MinecraftServer/]: Saving chunks for level 'ServerLevel[Test Addon]'/minecraft:the_end
[19jul.2026 23:46:38.452] [Server thread/INFO] [net.minecraft.server.network.ServerGamePacketListenerImpl/]: Dev lost connection: Disconnected
[19jul.2026 23:46:38.452] [Server thread/INFO] [net.minecraft.server.MinecraftServer/]: Dev left the game
[19jul.2026 23:46:38.460] [Server thread/INFO] [net.minecraft.server.network.ServerCommonPacketListenerImpl/]: Stopping singleplayer server as player logged out
[19jul.2026 23:46:38.504] [Server thread/INFO] [net.minecraft.server.MinecraftServer/]: Stopping server
[19jul.2026 23:46:38.504] [Server thread/INFO] [net.minecraft.server.MinecraftServer/]: Saving players
[19jul.2026 23:46:38.504] [Server thread/INFO] [net.minecraft.server.MinecraftServer/]: Saving worlds
[19jul.2026 23:46:38.918] [Server thread/INFO] [net.minecraft.server.MinecraftServer/]: Saving chunks for level 'ServerLevel[Test Addon]'/minecraft:overworld
[19jul.2026 23:46:39.515] [Server thread/INFO] [net.minecraft.server.MinecraftServer/]: Saving chunks for level 'ServerLevel[Test Addon]'/minecraft:the_nether
[19jul.2026 23:46:39.520] [Server thread/INFO] [net.minecraft.server.MinecraftServer/]: Saving chunks for level 'ServerLevel[Test Addon]'/minecraft:the_end
[19jul.2026 23:46:39.531] [Server thread/INFO] [net.minecraft.server.MinecraftServer/]: ThreadedAnvilChunkStorage (Test Addon): All chunks are saved
[19jul.2026 23:46:39.531] [Server thread/INFO] [net.minecraft.server.MinecraftServer/]: ThreadedAnvilChunkStorage (DIM-1): All chunks are saved
[19jul.2026 23:46:39.531] [Server thread/INFO] [net.minecraft.server.MinecraftServer/]: ThreadedAnvilChunkStorage (DIM1): All chunks are saved
[19jul.2026 23:46:39.531] [Server thread/INFO] [net.minecraft.server.MinecraftServer/]: ThreadedAnvilChunkStorage: All dimensions are saved
[19jul.2026 23:46:52.188] [Render thread/INFO] [team.lodestar.lodestone.LodestoneLib/]: Shutting down Lodestone
[19jul.2026 23:46:52.189] [Render thread/INFO] [net.minecraft.client.Minecraft/]: Stopping!
[19jul.2026 23:46:52.208] [Render thread/INFO] [team.lodestar.lodestone.LodestoneLib/]: Closed geometry program: lodestone:nineslice/nine_slice
[19jul.2026 23:46:52.208] [Render thread/INFO] [team.lodestar.lodestone.LodestoneLib/]: Closed geometry program: lodestone:nineslice/distorted/distorted_nine_slice_texture
